e:\01vscode\imagepro\imagepro13\imagepro\debug\vc120.pdb
e:\01vscode\imagepro\imagepro13\imagepro\debug\vc120.idb
e:\01vscode\imagepro\imagepro13\imagepro\debug\imagetrans.obj
e:\01vscode\imagepro\imagepro13\runner13\debug\imageprod.lib
e:\01vscode\imagepro\imagepro13\runner13\debug\imageprod.exp
e:\01vscode\imagepro\runner13\debug\imageprod.lib
e:\01vscode\imagepro\runner13\debug\imageprod.exp
e:\01vscode\imagepro\imagepro13\runner13\debug\imageprod.ilk
e:\01vscode\imagepro\imagepro13\runner13\debug\imageprod.dll
e:\01vscode\imagepro\imagepro13\runner13\debug\imageprod.pdb
e:\01vscode\imagepro\runner13\debug\imageprod.ilk
e:\01vscode\imagepro\runner13\debug\imageprod.dll
e:\01vscode\imagepro\runner13\debug\imageprod.pdb
e:\01vscode\imagepro\imagepro13\imagepro\debug\..\..\runner13\debug\imageprod.pdb
e:\01vscode\imagepro\imagepro13\imagepro\..\..\runner13\debug\imageprod.dll
e:\01vscode\imagepro\imagepro13\imagepro\debug\..\..\runner13\debug\imageprod.ilk
e:\01vscode\imagepro\imagepro13\imagepro\debug\imagepro.tlog\cl.command.1.tlog
e:\01vscode\imagepro\imagepro13\imagepro\debug\imagepro.tlog\cl.read.1.tlog
e:\01vscode\imagepro\imagepro13\imagepro\debug\imagepro.tlog\cl.write.1.tlog
e:\01vscode\imagepro\imagepro13\imagepro\debug\imagepro.tlog\imagepro.write.1u.tlog
e:\01vscode\imagepro\imagepro13\imagepro\debug\imagepro.tlog\lib-link.read.1.tlog
e:\01vscode\imagepro\imagepro13\imagepro\debug\imagepro.tlog\lib-link.write.1.tlog
e:\01vscode\imagepro\imagepro13\imagepro\debug\imagepro.tlog\lib.command.1.tlog
e:\01vscode\imagepro\imagepro13\imagepro\debug\imagepro.tlog\link.command.1.tlog
e:\01vscode\imagepro\imagepro13\imagepro\debug\imagepro.tlog\link.read.1.tlog
e:\01vscode\imagepro\imagepro13\imagepro\debug\imagepro.tlog\link.write.1.tlog
