生成启动时间为 2016/6/14 22:45:54。
     1>项目“E:\01VSCODE\ImagePro\imagePro13\ImagePro\ImagePro.vcxproj”在节点 2 上(Rebuild 个目标)。
     1>C:\Program Files (x86)\MSBuild\Microsoft.Cpp\v4.0\V120\Microsoft.CppBuild.targets(357,5): warning MSB8004: Output Directory does not end with a trailing slash.  This build instance will add the slash as it is required to allow proper evaluation of the Output Directory.
     1>ClCompile:
         C:\Program Files (x86)\Microsoft Visual Studio 12.0\VC\bin\CL.exe /c /I..\..\..\Opencv\build\include /I..\..\..\Opencv\build\include\opencv2 /I..\..\..\Opencv\build\include\opencv /ZI /nologo /W3 /WX- /sdl /Od /Oy- /D _WINDLL /D _MBCS /Gm /EHsc /RTC1 /MDd /GS /fp:precise /Zc:wchar_t /Zc:forScope /Fo"Debug\\" /Fd"Debug\vc120.pdb" /Gd /TP /analyze- /errorReport:prompt ..\..\src\imagePro\ImageTrans.cpp
         ImageTrans.cpp
     1>e:\01vscode\opencv\build\include\opencv2\core\mat.hpp(1965): warning C4819: 该文件包含不能在当前代码页(936)中表示的字符。请将该文件保存为 Unicode 格式以防止数据丢失
     1>e:\01vscode\opencv\build\include\opencv2\core\persistence.hpp : warning C4819: 该文件包含不能在当前代码页(936)中表示的字符。请将该文件保存为 Unicode 格式以防止数据丢失
     1>e:\01vscode\opencv\build\include\opencv2\core\utility.hpp : warning C4819: 该文件包含不能在当前代码页(936)中表示的字符。请将该文件保存为 Unicode 格式以防止数据丢失
     1>e:\01vscode\imagepro\src\imagepro\imagetrans.cpp(6): warning C4273: “ImageTrans::ImageTrans”: dll 链接不一致
                 e:\01vscode\imagepro\src\imagepro\imagetrans.h(22) : 参见“{ctor}”的前一个定义
     1>e:\01vscode\imagepro\src\imagepro\imagetrans.cpp(10): warning C4273: “ImageTrans::getImageColorSplit”: dll 链接不一致
                 e:\01vscode\imagepro\src\imagepro\imagetrans.h(23) : 参见“getImageColorSplit”的前一个定义
     1>e:\01vscode\imagepro\src\imagepro\imagetrans.cpp(50): warning C4273: “ImageTrans::getTargetImage”: dll 链接不一致
                 e:\01vscode\imagepro\src\imagepro\imagetrans.h(24) : 参见“getTargetImage”的前一个定义
     1>e:\01vscode\imagepro\src\imagepro\imagetrans.cpp(61): warning C4273: “ImageTrans::~ImageTrans”: dll 链接不一致
                 e:\01vscode\imagepro\src\imagepro\imagetrans.h(26) : 参见“{dtor}”的前一个定义
       Link:
         C:\Program Files (x86)\Microsoft Visual Studio 12.0\VC\bin\link.exe /ERRORREPORT:PROMPT /OUT:"..\..\runner13\Debug\ImageProd.dll" /INCREMENTAL /NOLOGO opencv_ts300d.lib opencv_world300d.lib kernel32.lib user32.lib gdi32.lib winspool.lib comdlg32.lib advapi32.lib shell32.lib ole32.lib oleaut32.lib uuid.lib odbc32.lib odbccp32.lib /MANIFEST /MANIFESTUAC:"level='asInvoker' uiAccess='false'" /manifest:embed /DEBUG /PDB:"..\..\runner13\Debug\ImageProd.pdb" /TLBID:1 /DYNAMICBASE /NXCOMPAT /MACHINE:X86 /DLL Debug\ImageTrans.obj
            正在创建库 ..\..\runner13\Debug\ImageProd.lib 和对象 ..\..\runner13\Debug\ImageProd.exp
         ImagePro.vcxproj -> E:\01VSCODE\ImagePro\imagePro13\ImagePro\..\..\runner13\Debug\ImageProd.dll
     1>已完成生成项目“E:\01VSCODE\ImagePro\imagePro13\ImagePro\ImagePro.vcxproj”(Rebuild 个目标)的操作。

生成成功。

已用时间 00:00:01.49
